<?xml version="1.0" encoding="UTF-8"?>
<!-- Generated by org.testng.reporters.JUnitXMLReporter -->
<testsuite ignored="0" hostname="DESKTOP-Q609NLG" failures="1" tests="1" name="Test-Runner-2" time="23.419" errors="0" timestamp="2024-11-05T20:40:31 IST">
  <testcase classname="products.AddProductToCartTest" name="tc_001_AddSingleProductToCartTest" time="6.77">
    <failure type="java.lang.AssertionError" message="null">
      <![CDATA[java.lang.AssertionError: null
at products.AddProductToCartTest.tc_001_AddSingleProductToCartTest(AddProductToCartTest.java:54)
at java.base/java.util.ArrayList.forEach(ArrayList.java:1511)
at java.base/java.util.concurrent.FutureTask.run(FutureTask.java:264)
at java.base/java.util.concurrent.ThreadPoolExecutor.runWorker(ThreadPoolExecutor.java:1136)
at java.base/java.util.concurrent.ThreadPoolExecutor$Worker.run(ThreadPoolExecutor.java:635)
at java.base/java.lang.Thread.run(Thread.java:842)
... Removed 20 stack frames]]>
    </failure>
  </testcase> <!-- tc_001_AddSingleProductToCartTest -->
</testsuite> <!-- Test-Runner-2 -->
